22:40:10 **** Build of configuration Release for project 7_seg ****
make all 
Building file: ../main.c
Invoking: AVR Compiler
avr-gcc -Wall -Os -fpack-struct -fshort-enums -ffunction-sections -fdata-sections -std=gnu99 -funsigned-char -funsigned-bitfields -mmcu=atmega328p -DF_CPU=16000000UL -MMD -MP -MF"main.d" -MT"main.o" -c -o "main.o" "../main.c"
Finished building: ../main.c
 
Building target: 7_seg.elf
Invoking: AVR C Linker
avr-gcc -Wl,-Map,7_seg.map -mmcu=atmega328p -o "7_seg.elf"  ./main.o   
Finished building target: 7_seg.elf
 
Invoking: AVR Create Extended Listing
avr-objdump -h -S 7_seg.elf  >"7_seg.lss"
Finished building: 7_seg.lss
 
Create Flash image (ihex format)
avr-objcopy -R .eeprom -R .fuse -R .lock -R .signature -O ihex 7_seg.elf  "7_seg.hex"
Finished building: 7_seg.hex
 
Create eeprom image (ihex format)
avr-objcopy -j .eeprom --no-change-warnings --change-section-lma .eeprom=0 -O ihex 7_seg.elf  "7_seg.eep"
Finished building: 7_seg.eep
 
Invoking: Print Size
avr-size --format=avr --mcu=atmega328p 7_seg.elf
AVR Memory Usage
----------------
Device: atmega328p

Program:     212 bytes (0.6% Full)
(.text + .data + .bootloader)

Data:         16 bytes (0.8% Full)
(.data + .bss + .noinit)


Finished building: sizedummy
 

22:40:10 Build Finished. 0 errors, 0 warnings. (took 120ms)

