19:58:03 **** Build of configuration Release for project 7segment_prec ****
make all 
Building file: ../main.c
Invoking: AVR Compiler
avr-gcc -Wall -Os -fpack-struct -fshort-enums -ffunction-sections -fdata-sections -std=gnu99 -funsigned-char -funsigned-bitfields -mmcu=atmega328p -DF_CPU=16000000UL -MMD -MP -MF"main.d" -MT"main.o" -c -o "main.o" "../main.c"
Finished building: ../main.c
 
Building target: 7segment_prec.elf
Invoking: AVR C Linker
avr-gcc -Wl,-Map,7segment_prec.map -mmcu=atmega328p -o "7segment_prec.elf"  ./main.o   
Finished building target: 7segment_prec.elf
 
Invoking: AVR Create Extended Listing
avr-objdump -h -S 7segment_prec.elf  >"7segment_prec.lss"
Finished building: 7segment_prec.lss
 
Create Flash image (ihex format)
avr-objcopy -R .eeprom -R .fuse -R .lock -R .signature -O ihex 7segment_prec.elf  "7segment_prec.hex"
Finished building: 7segment_prec.hex
 
Create eeprom image (ihex format)
avr-objcopy -j .eeprom --no-change-warnings --change-section-lma .eeprom=0 -O ihex 7segment_prec.elf  "7segment_prec.eep"
Finished building: 7segment_prec.eep
 
Invoking: Print Size
avr-size --format=avr --mcu=atmega328p 7segment_prec.elf
AVR Memory Usage
----------------
Device: atmega328p

Program:     212 bytes (0.6% Full)
(.text + .data + .bootloader)

Data:         16 bytes (0.8% Full)
(.data + .bss + .noinit)


Finished building: sizedummy
 

19:58:04 Build Finished. 0 errors, 0 warnings. (took 1s.17ms)

