19:44:03 **** Incremental Build of configuration Release for project absulate ****
make all 
Building file: ../main.c
Invoking: AVR Compiler
avr-gcc -Wall -Os -fpack-struct -fshort-enums -ffunction-sections -fdata-sections -std=gnu99 -funsigned-char -funsigned-bitfields -mmcu=atmega328p -DF_CPU=16000000UL -MMD -MP -MF"main.d" -MT"main.o" -c -o "main.o" "../main.c"
../main.c: In function ‘moveMotor’:
../main.c:131:10: warning: variable ‘steps’ set but not used [-Wunused-but-set-variable]
  uint8_t steps;
          ^
../main.c: In function ‘USART_send’:
../main.c:58:1: warning: control reaches end of non-void function [-Wreturn-type]
 }
 ^
Finished building: ../main.c
 
Building target: absulate.elf
Invoking: AVR C Linker
avr-gcc -Wl,-Map,absulate.map -mmcu=atmega328p -o "absulate.elf"  ./main.o   
Finished building target: absulate.elf
 
Invoking: AVR Create Extended Listing
avr-objdump -h -S absulate.elf  >"absulate.lss"
Finished building: absulate.lss
 
Create Flash image (ihex format)
avr-objcopy -R .eeprom -R .fuse -R .lock -R .signature -O ihex absulate.elf  "absulate.hex"
Finished building: absulate.hex
 
Create eeprom image (ihex format)
avr-objcopy -j .eeprom --no-change-warnings --change-section-lma .eeprom=0 -O ihex absulate.elf  "absulate.eep"
Finished building: absulate.eep
 
Invoking: Print Size
avr-size --format=avr --mcu=atmega328p absulate.elf
AVR Memory Usage
----------------
Device: atmega328p

Program:    4368 bytes (13.3% Full)
(.text + .data + .bootloader)

Data:        133 bytes (6.5% Full)
(.data + .bss + .noinit)


Finished building: sizedummy
 

19:44:03 Build Finished. 0 errors, 2 warnings. (took 215ms)

