12:48:53 **** Incremental Build of configuration Release for project PIR_MotionWithBuzzer ****
make all 
Building file: ../main.c
Invoking: AVR Compiler
avr-gcc -Wall -Os -fpack-struct -fshort-enums -ffunction-sections -fdata-sections -std=gnu99 -funsigned-char -funsigned-bitfields -mmcu=atmega328p -DF_CPU=16000000UL -MMD -MP -MF"main.d" -MT"main.o" -c -o "main.o" "../main.c"
Finished building: ../main.c
 
Building target: PIR_MotionWithBuzzer.elf
Invoking: AVR C Linker
avr-gcc -Wl,-Map,PIR_MotionWithBuzzer.map -mmcu=atmega328p -o "PIR_MotionWithBuzzer.elf"  ./main.o   
Finished building target: PIR_MotionWithBuzzer.elf
 
Invoking: AVR Create Extended Listing
avr-objdump -h -S PIR_MotionWithBuzzer.elf  >"PIR_MotionWithBuzzer.lss"
Finished building: PIR_MotionWithBuzzer.lss
 
Create Flash image (ihex format)
avr-objcopy -R .eeprom -R .fuse -R .lock -R .signature -O ihex PIR_MotionWithBuzzer.elf  "PIR_MotionWithBuzzer.hex"
Finished building: PIR_MotionWithBuzzer.hex
 
Create eeprom image (ihex format)
avr-objcopy -j .eeprom --no-change-warnings --change-section-lma .eeprom=0 -O ihex PIR_MotionWithBuzzer.elf  "PIR_MotionWithBuzzer.eep"
Finished building: PIR_MotionWithBuzzer.eep
 
Invoking: Print Size
avr-size --format=avr --mcu=atmega328p PIR_MotionWithBuzzer.elf
AVR Memory Usage
----------------
Device: atmega328p

Program:     152 bytes (0.5% Full)
(.text + .data + .bootloader)

Data:          0 bytes (0.0% Full)
(.data + .bss + .noinit)


Finished building: sizedummy
 

12:48:54 Build Finished. 0 errors, 0 warnings. (took 239ms)

