21:59:08 **** Incremental Build of configuration Release for project PWM ****
make all 
Building file: ../main.c
Invoking: AVR Compiler
avr-gcc -Wall -Os -fpack-struct -fshort-enums -ffunction-sections -fdata-sections -std=gnu99 -funsigned-char -funsigned-bitfields -mmcu=atmega328p -DF_CPU=16000000UL -MMD -MP -MF"main.d" -MT"main.o" -c -o "main.o" "../main.c"
Finished building: ../main.c
 
Building target: PWM.elf
Invoking: AVR C Linker
avr-gcc -Wl,-Map,PWM.map -mmcu=atmega328p -o "PWM.elf"  ./main.o   
Finished building target: PWM.elf
 
Invoking: AVR Create Extended Listing
avr-objdump -h -S PWM.elf  >"PWM.lss"
Finished building: PWM.lss
 
Create Flash image (ihex format)
avr-objcopy -R .eeprom -R .fuse -R .lock -R .signature -O ihex PWM.elf  "PWM.hex"
Finished building: PWM.hex
 
Create eeprom image (ihex format)
avr-objcopy -j .eeprom --no-change-warnings --change-section-lma .eeprom=0 -O ihex PWM.elf  "PWM.eep"
Finished building: PWM.eep
 
Invoking: Print Size
avr-size --format=avr --mcu=atmega328p PWM.elf
AVR Memory Usage
----------------
Device: atmega328p

Program:     572 bytes (1.7% Full)
(.text + .data + .bootloader)

Data:        256 bytes (12.5% Full)
(.data + .bss + .noinit)


Finished building: sizedummy
 

21:59:08 Build Finished. 0 errors, 0 warnings. (took 113ms)

