12:34:00 **** Incremental Build of configuration Release for project StepperMotor ****
make all 
Building file: ../main.c
Invoking: AVR Compiler
avr-gcc -Wall -Os -fpack-struct -fshort-enums -ffunction-sections -fdata-sections -std=gnu99 -funsigned-char -funsigned-bitfields -mmcu=atmega328p -DF_CPU=16000000UL -MMD -MP -MF"main.d" -MT"main.o" -c -o "main.o" "../main.c"
Finished building: ../main.c
 
Building target: StepperMotor.elf
Invoking: AVR C Linker
avr-gcc -Wl,-Map,StepperMotor.map -mmcu=atmega328p -o "StepperMotor.elf"  ./main.o   
Finished building target: StepperMotor.elf
 
Invoking: AVR Create Extended Listing
avr-objdump -h -S StepperMotor.elf  >"StepperMotor.lss"
Finished building: StepperMotor.lss
 
Create Flash image (ihex format)
avr-objcopy -R .eeprom -R .fuse -R .lock -R .signature -O ihex StepperMotor.elf  "StepperMotor.hex"
Finished building: StepperMotor.hex
 
Create eeprom image (ihex format)
avr-objcopy -j .eeprom --no-change-warnings --change-section-lma .eeprom=0 -O ihex StepperMotor.elf  "StepperMotor.eep"
Finished building: StepperMotor.eep
 
Invoking: Print Size
avr-size --format=avr --mcu=atmega328p StepperMotor.elf
AVR Memory Usage
----------------
Device: atmega328p

Program:     228 bytes (0.7% Full)
(.text + .data + .bootloader)

Data:          0 bytes (0.0% Full)
(.data + .bss + .noinit)


Finished building: sizedummy
 

12:34:00 Build Finished. 0 errors, 0 warnings. (took 177ms)

