18:44:32 **** Incremental Build of configuration Release for project temp ****
make all 
Building file: ../main.c
Invoking: AVR Compiler
avr-gcc -Wall -Os -fpack-struct -fshort-enums -ffunction-sections -fdata-sections -std=gnu99 -funsigned-char -funsigned-bitfields -mmcu=atmega328p -DF_CPU=16000000UL -MMD -MP -MF"main.d" -MT"main.o" -c -o "main.o" "../main.c"
../main.c: In function ‘USART_send’:
../main.c:56:1: warning: control reaches end of non-void function [-Wreturn-type]
 }
 ^
Finished building: ../main.c
 
Building target: temp.elf
Invoking: AVR C Linker
avr-gcc -Wl,-Map,temp.map -mmcu=atmega328p -o "temp.elf"  ./main.o   
Finished building target: temp.elf
 
Invoking: AVR Create Extended Listing
avr-objdump -h -S temp.elf  >"temp.lss"
Finished building: temp.lss
 
Create Flash image (ihex format)
avr-objcopy -R .eeprom -R .fuse -R .lock -R .signature -O ihex temp.elf  "temp.hex"
Finished building: temp.hex
 
Create eeprom image (ihex format)
avr-objcopy -j .eeprom --no-change-warnings --change-section-lma .eeprom=0 -O ihex temp.elf  "temp.eep"
Finished building: temp.eep
 
Invoking: Print Size
avr-size --format=avr --mcu=atmega328p temp.elf
AVR Memory Usage
----------------
Device: atmega328p

Program:    2656 bytes (8.1% Full)
(.text + .data + .bootloader)

Data:         32 bytes (1.6% Full)
(.data + .bss + .noinit)


Finished building: sizedummy
 

18:44:33 Build Finished. 0 errors, 1 warnings. (took 175ms)

